#
# A fatal error has been detected by the Java Runtime Environment:
#
#  SIGSEGV (0xb) at pc=0x00007fd02c246e59, pid=38528, tid=38536
#
# JRE version: OpenJDK Runtime Environment AdoptOpenJDK (11.0.9.1+1) (build 11.0.9.1+1)
# Java VM: OpenJDK 64-Bit Server VM AdoptOpenJDK (11.0.9.1+1, mixed mode, tiered, compressed oops, g1 gc, linux-amd64)
# Problematic frame:
# C  [libverify.so+0x5e59]  merge_registers.isra.4+0x189
#
# No core dump will be written. Core dumps have been disabled. To enable core dumping, try "ulimit -c unlimited" before starting Java again
#
# If you would like to submit a bug report, please visit:
#   https://github.com/AdoptOpenJDK/openjdk-support/issues
# The crash happened outside the Java Virtual Machine in native code.
# See problematic frame for where to report the bug.
#

---------------  S U M M A R Y ------------

Command Line: -agentlib:jdwp=transport=dt_socket,suspend=y,address=localhost:33875 -javaagent:/home/server/.eclipse/360744286_linux_gtk_x86_64/configuration/org.eclipse.osgi/222/0/.cp/lib/javaagent-shaded.jar -Dfile.encoding=UTF-8 MoveItemApp /home/main/drive/target /home/main/drive/wer

Host: Intel(R) Core(TM) i7-7700HQ CPU @ 2.80GHz, 2 cores, 3G, Ubuntu 16.04.7 LTS
Time: Thu May 20 13:06:20 2021 +03 elapsed time: 1.022483 seconds (0d 0h 0m 1s)

---------------  T H R E A D  ---------------

Current thread (0x00007fd02802a000):  JavaThread "main" [_thread_in_native, id=38536, stack(0x00007fd02ec28000,0x00007fd02ed29000)]

Stack: [0x00007fd02ec28000,0x00007fd02ed29000],  sp=0x00007fd02ed24690,  free space=1009k
Native frames: (J=compiled Java code, A=aot compiled Java code, j=interpreted, Vv=VM code, C=native code)
C  [libverify.so+0x5e59]  merge_registers.isra.4+0x189
C  [libverify.so+0x7519]  merge_into_one_successor+0xa9
C  [libverify.so+0xc077]  VerifyClassForMajorVersion+0x1837
V  [libjvm.so+0xf01a23]  Verifier::inference_verify(InstanceKlass*, char*, unsigned long, Thread*)+0x253
V  [libjvm.so+0xf0f430]  Verifier::verify(InstanceKlass*, Verifier::Mode, bool, Thread*)+0x270
V  [libjvm.so+0x88ec0b]  InstanceKlass::link_class_impl(bool, Thread*)+0x31b
V  [libjvm.so+0x8902f0]  InstanceKlass::initialize_impl(Thread*)+0x260
V  [libjvm.so+0x8af680]  InterpreterRuntime::_new(JavaThread*, ConstantPool*, int)+0x240
j  org.eclipse.jdt.launching.internal.weaving.ClassfileTransformer.transform([BLjava/lang/String;)[B+0
j  org.eclipse.jdt.launching.internal.javaagent.Premain$1.transform(Ljava/lang/ClassLoader;Ljava/lang/String;Ljava/lang/Class;Ljava/security/ProtectionDomain;[B)[B+55
j  java.lang.instrument.ClassFileTransformer.transform(Ljava/lang/Module;Ljava/lang/ClassLoader;Ljava/lang/String;Ljava/lang/Class;Ljava/security/ProtectionDomain;[B)[B+9 java.instrument@11.0.9.1
j  sun.instrument.TransformerManager.transform(Ljava/lang/Module;Ljava/lang/ClassLoader;Ljava/lang/String;Ljava/lang/Class;Ljava/security/ProtectionDomain;[B)[B+52 java.instrument@11.0.9.1
j  sun.instrument.InstrumentationImpl.transform(Ljava/lang/Module;Ljava/lang/ClassLoader;Ljava/lang/String;Ljava/lang/Class;Ljava/security/ProtectionDomain;[BZ)[B+69 java.instrument@11.0.9.1
v  ~StubRoutines::call_stub
V  [libjvm.so+0x8bee09]  JavaCalls::call_helper(JavaValue*, methodHandle const&, JavaCallArguments*, Thread*)+0x3b9
V  [libjvm.so+0x939b60]  jni_invoke_nonstatic(JNIEnv_*, JavaValue*, _jobject*, JNICallType, _jmethodID*, JNI_ArgumentPusher*, Thread*) [clone .constprop.262]+0x250
V  [libjvm.so+0x93a76c]  jni_CallObjectMethod+0x16c
C  [libinstrument.so+0x436f]  transformClassFile+0x1bf
C  [libinstrument.so+0x31af]  eventHandlerClassFileLoadHook+0x7f
V  [libjvm.so+0xa4cd7b]  JvmtiClassFileLoadHookPoster::post_to_env(JvmtiEnv*, bool)+0x1eb
V  [libjvm.so+0xa3f7c5]  JvmtiExport::post_class_file_load_hook(Symbol*, Handle, Handle, unsigned char**, unsigned char**, JvmtiCachedClassFileData**)+0x175
V  [libjvm.so+0xa74bac]  KlassFactory::create_from_stream(ClassFileStream*, Symbol*, ClassLoaderData*, Handle, InstanceKlass const*, GrowableArray<Handle>*, Thread*)+0x24c
V  [libjvm.so+0xe8096f]  SystemDictionary::resolve_from_stream(Symbol*, Handle, Handle, ClassFileStream*, Thread*)+0x15f
V  [libjvm.so+0x97290c]  jvm_define_class_common(JNIEnv_*, char const*, _jobject*, signed char const*, int, _jobject*, char const*, Thread*)+0x1dc
V  [libjvm.so+0x972baf]  JVM_DefineClassWithSource+0x7f
C  [libjava.so+0xd522]  Java_java_lang_ClassLoader_defineClass1+0x1c2
j  java.lang.ClassLoader.defineClass1(Ljava/lang/ClassLoader;Ljava/lang/String;[BIILjava/security/ProtectionDomain;Ljava/lang/String;)Ljava/lang/Class;+0 java.base@11.0.9.1
j  java.lang.ClassLoader.defineClass(Ljava/lang/String;[BIILjava/security/ProtectionDomain;)Ljava/lang/Class;+27 java.base@11.0.9.1
j  java.security.SecureClassLoader.defineClass(Ljava/lang/String;[BIILjava/security/CodeSource;)Ljava/lang/Class;+12 java.base@11.0.9.1
j  jdk.internal.loader.BuiltinClassLoader.defineClass(Ljava/lang/String;Ljdk/internal/loader/Resource;)Ljava/lang/Class;+117 java.base@11.0.9.1
j  jdk.internal.loader.BuiltinClassLoader.findClassOnClassPathOrNull(Ljava/lang/String;)Ljava/lang/Class;+37 java.base@11.0.9.1
j  jdk.internal.loader.BuiltinClassLoader.loadClassOrNull(Ljava/lang/String;Z)Ljava/lang/Class;+111 java.base@11.0.9.1
j  jdk.internal.loader.BuiltinClassLoader.loadClass(Ljava/lang/String;Z)Ljava/lang/Class;+3 java.base@11.0.9.1
j  jdk.internal.loader.ClassLoaders$AppClassLoader.loadClass(Ljava/lang/String;Z)Ljava/lang/Class;+36 java.base@11.0.9.1
j  java.lang.ClassLoader.loadClass(Ljava/lang/String;)Ljava/lang/Class;+3 java.base@11.0.9.1
v  ~StubRoutines::call_stub
V  [libjvm.so+0x8bee09]  JavaCalls::call_helper(JavaValue*, methodHandle const&, JavaCallArguments*, Thread*)+0x3b9
V  [libjvm.so+0x8bcffd]  JavaCalls::call_virtual(JavaValue*, Handle, Klass*, Symbol*, Symbol*, Handle, Thread*)+0x1fd
V  [libjvm.so+0xe82ca6]  SystemDictionary::load_instance_class(Symbol*, Handle, Thread*)+0x246
V  [libjvm.so+0xe8149a]  SystemDictionary::resolve_instance_class_or_null(Symbol*, Handle, Handle, Thread*)+0x93a
V  [libjvm.so+0xe818c2]  SystemDictionary::resolve_or_fail(Symbol*, Handle, Handle, bool, Thread*)+0x22
V  [libjvm.so+0x970f90]  find_class_from_class_loader(JNIEnv_*, Symbol*, unsigned char, Handle, Handle, unsigned char, Thread*)+0x30
V  [libjvm.so+0x9726b7]  JVM_FindClassFromCaller+0x147
C  [libjava.so+0xd238]  Java_java_lang_Class_forName0+0x178
j  java.lang.Class.forName0(Ljava/lang/String;ZLjava/lang/ClassLoader;Ljava/lang/Class;)Ljava/lang/Class;+0 java.base@11.0.9.1
j  java.lang.Class.forName(Ljava/lang/String;ZLjava/lang/ClassLoader;)Ljava/lang/Class;+43 java.base@11.0.9.1
j  sun.launcher.LauncherHelper.loadMainClass(ILjava/lang/String;)Ljava/lang/Class;+93 java.base@11.0.9.1
j  sun.launcher.LauncherHelper.checkAndLoadMain(ZILjava/lang/String;)Ljava/lang/Class;+42 java.base@11.0.9.1
v  ~StubRoutines::call_stub
V  [libjvm.so+0x8bee09]  JavaCalls::call_helper(JavaValue*, methodHandle const&, JavaCallArguments*, Thread*)+0x3b9
V  [libjvm.so+0x940f7a]  jni_invoke_static(JNIEnv_*, JavaValue*, _jobject*, JNICallType, _jmethodID*, JNI_ArgumentPusher*, Thread*) [clone .isra.70] [clone .constprop.264]+0x2fa
V  [libjvm.so+0x941c94]  jni_CallStaticObjectMethod+0x164
C  [libjli.so+0x4f01]  JavaMain+0x5e1

Java frames: (J=compiled Java code, j=interpreted, Vv=VM code)
j  org.eclipse.jdt.launching.internal.weaving.ClassfileTransformer.transform([BLjava/lang/String;)[B+0
j  org.eclipse.jdt.launching.internal.javaagent.Premain$1.transform(Ljava/lang/ClassLoader;Ljava/lang/String;Ljava/lang/Class;Ljava/security/ProtectionDomain;[B)[B+55
j  java.lang.instrument.ClassFileTransformer.transform(Ljava/lang/Module;Ljava/lang/ClassLoader;Ljava/lang/String;Ljava/lang/Class;Ljava/security/ProtectionDomain;[B)[B+9 java.instrument@11.0.9.1
j  sun.instrument.TransformerManager.transform(Ljava/lang/Module;Ljava/lang/ClassLoader;Ljava/lang/String;Ljava/lang/Class;Ljava/security/ProtectionDomain;[B)[B+52 java.instrument@11.0.9.1
j  sun.instrument.InstrumentationImpl.transform(Ljava/lang/Module;Ljava/lang/ClassLoader;Ljava/lang/String;Ljava/lang/Class;Ljava/security/ProtectionDomain;[BZ)[B+69 java.instrument@11.0.9.1
v  ~StubRoutines::call_stub
j  java.lang.ClassLoader.defineClass1(Ljava/lang/ClassLoader;Ljava/lang/String;[BIILjava/security/ProtectionDomain;Ljava/lang/String;)Ljava/lang/Class;+0 java.base@11.0.9.1
j  java.lang.ClassLoader.defineClass(Ljava/lang/String;[BIILjava/security/ProtectionDomain;)Ljava/lang/Class;+27 java.base@11.0.9.1
j  java.security.SecureClassLoader.defineClass(Ljava/lang/String;[BIILjava/security/CodeSource;)Ljava/lang/Class;+12 java.base@11.0.9.1
j  jdk.internal.loader.BuiltinClassLoader.defineClass(Ljava/lang/String;Ljdk/internal/loader/Resource;)Ljava/lang/Class;+117 java.base@11.0.9.1
j  jdk.internal.loader.BuiltinClassLoader.findClassOnClassPathOrNull(Ljava/lang/String;)Ljava/lang/Class;+37 java.base@11.0.9.1
j  jdk.internal.loader.BuiltinClassLoader.loadClassOrNull(Ljava/lang/String;Z)Ljava/lang/Class;+111 java.base@11.0.9.1
j  jdk.internal.loader.BuiltinClassLoader.loadClass(Ljava/lang/String;Z)Ljava/lang/Class;+3 java.base@11.0.9.1
j  jdk.internal.loader.ClassLoaders$AppClassLoader.loadClass(Ljava/lang/String;Z)Ljava/lang/Class;+36 java.base@11.0.9.1
j  java.lang.ClassLoader.loadClass(Ljava/lang/String;)Ljava/lang/Class;+3 java.base@11.0.9.1
v  ~StubRoutines::call_stub
j  java.lang.Class.forName0(Ljava/lang/String;ZLjava/lang/ClassLoader;Ljava/lang/Class;)Ljava/lang/Class;+0 java.base@11.0.9.1
j  java.lang.Class.forName(Ljava/lang/String;ZLjava/lang/ClassLoader;)Ljava/lang/Class;+43 java.base@11.0.9.1
j  sun.launcher.LauncherHelper.loadMainClass(ILjava/lang/String;)Ljava/lang/Class;+93 java.base@11.0.9.1
j  sun.launcher.LauncherHelper.checkAndLoadMain(ZILjava/lang/String;)Ljava/lang/Class;+42 java.base@11.0.9.1
v  ~StubRoutines::call_stub

siginfo: si_signo: 11 (SIGSEGV), si_code: 1 (SEGV_MAPERR), si_addr: 0x0000000000000000

Register to memory mapping:

RAX=0x0 is NULL
RBX=0x00007fd0283423d0 points into unknown readable memory: 15 00 00 00 01 00 00 00
RCX=0x0000000000000001 is an unknown value
RDX=0x00007fd028336701 points into unknown readable memory: 66 33 28 d0 7f 00 00
RSP=0x00007fd02ed24690 is pointing into the stack for thread: 0x00007fd02802a000
RBP=0x00007fd02ed24710 is pointing into the stack for thread: 0x00007fd02802a000
RSI=0x0000000000000009 is an unknown value
RDI=0x00007fd02ed24c10 is pointing into the stack for thread: 0x00007fd02802a000
R8 =0x00007fd0283366b8 points into unknown readable memory: 02 00 00 00 00 00 01 91
R9 =0x000000000000001e is an unknown value
R10=0x000000000000001e is an unknown value
R11=0x0000000000000017 is an unknown value
R12=0x0000000000000017 is an unknown value
R13=0x0000000000000017 is an unknown value
R14=0x00007fd0283364c0 points into unknown readable memory: 09 00 06 00 09 00 08 00
R15=0x0 is NULL


Registers:
RAX=0x0000000000000000, RBX=0x00007fd0283423d0, RCX=0x0000000000000001, RDX=0x00007fd028336701
RSP=0x00007fd02ed24690, RBP=0x00007fd02ed24710, RSI=0x0000000000000009, RDI=0x00007fd02ed24c10
R8 =0x00007fd0283366b8, R9 =0x000000000000001e, R10=0x000000000000001e, R11=0x0000000000000017
R12=0x0000000000000017, R13=0x0000000000000017, R14=0x00007fd0283364c0, R15=0x0000000000000000
RIP=0x00007fd02c246e59, EFLAGS=0x0000000000010246, CSGSFS=0x002b000000000033, ERR=0x0000000000000006
  TRAPNO=0x000000000000000e

Top of Stack: (sp=0x00007fd02ed24690)
0x00007fd02ed24690:   00007fd02ed24800 00007fd00000001e
0x00007fd02ed246a0:   0000000000000000 000000000000001d
0x00007fd02ed246b0:   00007fd000000000 0002000900000000
0x00007fd02ed246c0:   00007fd028336640 000000000000001e 

Instructions: (pc=0x00007fd02c246e59)
0x00007fd02c246d59:   44 89 45 98 49 83 c0 01 45 89 d6 4c 89 c3 eb 18
0x00007fd02c246d69:   0f 1f 80 00 00 00 00 84 c0 75 4a 49 83 c4 01 49
0x00007fd02c246d79:   39 dc 0f 84 6f 03 00 00 47 8b 2c a7 4d 63 dc 45
0x00007fd02c246d89:   85 ed 0f 95 c0 45 39 e6 7e dd 48 8b 45 b0 48 8b
0x00007fd02c246d99:   7d c8 b9 01 00 00 00 44 89 ea 44 89 5d b8 42 8b
0x00007fd02c246da9:   34 a0 e8 f0 ef ff ff 41 39 c5 4c 63 5d b8 0f 95
0x00007fd02c246db9:   c0 84 c0 74 b6 48 63 45 88 48 8b 7d c8 45 89 f2
0x00007fd02c246dc9:   48 8b 5d a0 4d 89 fe 44 8b 7d 9c 44 8d 2c 85 07
0x00007fd02c246dd9:   00 00 00 49 89 c1 48 89 45 b8 8b 87 68 02 00 00
0x00007fd02c246de9:   41 83 e5 f8 41 39 c5 0f 8f 4a 03 00 00 4c 8b 87
0x00007fd02c246df9:   60 02 00 00 49 63 d5 44 29 e8 4c 01 c2 45 85 db
0x00007fd02c246e09:   89 87 68 02 00 00 48 89 97 60 02 00 00 0f 84 26
0x00007fd02c246e19:   01 00 00 49 8d 46 10 45 89 e5 49 39 c0 49 8d 40
0x00007fd02c246e29:   10 0f 93 c2 49 39 c6 0f 93 c0 08 c2 0f 84 44 08
0x00007fd02c246e39:   00 00 41 83 fc 0c 0f 86 3a 08 00 00 4c 89 f0 c7
0x00007fd02c246e49:   45 a0 00 00 00 00 48 c1 e8 02 48 f7 d8 83 e0 00
0x00007fd02c246e59:   00 10 04 10 00 00 00 00 00 10 04 10 00 00 00 00
0x00007fd02c246e69:   00 10 04 10 00 00 00 00 00 10 04 10 00 00 00 00
0x00007fd02c246e79:   00 10 04 10 00 00 00 00 00 10 04 10 00 00 00 00
0x00007fd02c246e89:   00 10 04 10 00 00 00 00 00 10 04 10 00 00 00 00
0x00007fd02c246e99:   00 10 04 10 00 00 00 00 00 10 04 10 00 00 00 01
0x00007fd02c246ea9:   00 00 00 10 00 00 00 01 00 20 00 10 00 00 00 03
0x00007fd02c246eb9:   00 00 00 10 00 00 00 39 cf 77 ec 44 89 ea 8b 45
0x00007fd02c246ec9:   a0 83 e2 fc 01 d0 41 39 d5 74 69 48 63 d0 41 8b
0x00007fd02c246ed9:   0c 96 41 89 0c 90 8d 50 01 41 39 d3 7e 56 48 63
0x00007fd02c246ee9:   d2 41 8b 0c 96 41 89 0c 90 8d 50 02 41 39 d3 7e
0x00007fd02c246ef9:   43 48 63 d2 41 8b 0c 96 41 89 0c 90 8d 50 03 41
0x00007fd02c246f09:   39 d3 7e 30 48 63 d2 41 8b 0c 96 41 89 0c 90 8d
0x00007fd02c246f19:   50 04 41 39 d3 7e 1d 48 63 d2 83 c0 05 41 8b 0c
0x00007fd02c246f29:   96 41 39 c3 41 89 0c 90 7e 0a 48 98 41 8b 14 86
0x00007fd02c246f39:   41 89 14 80 45 39 d9 7e 32 45 39 da 0f 8f 62 06
0x00007fd02c246f49:   00 00 8b 45 98 4b 8d 3c 98 31 f6 44 89 4d a0 4c 


Stack slot to memory mapping:
stack at sp + 0 slots: 0x00007fd02ed24800 is pointing into the stack for thread: 0x00007fd02802a000
stack at sp + 1 slots: 0x00007fd00000001e points into unknown readable memory: 00 00
stack at sp + 2 slots: 0x0 is NULL
stack at sp + 3 slots: 0x000000000000001d is an unknown value
stack at sp + 4 slots: 0x00007fd000000000 points into unknown readable memory: 20 00 00 00 d0 7f 00 00
stack at sp + 5 slots: 0x0002000900000000 is an unknown value
stack at sp + 6 slots: 0x00007fd028336640 points into unknown readable memory: 09 00 06 00 09 00 08 00
stack at sp + 7 slots: 0x000000000000001e is an unknown value


---------------  P R O C E S S  ---------------

Threads class SMR info:
_java_thread_list=0x00007fd028326220, length=12, elements={
0x00007fd02802a000, 0x00007fd02816a800, 0x00007fd02816e800, 0x00007fd028184000,
0x00007fd028186000, 0x00007fd028188800, 0x00007fd02818a800, 0x00007fd0281fd000,
0x00007fd02825a000, 0x00007fd02825e000, 0x00007fcfd4001000, 0x00007fd028327800
}

Java Threads: ( => current thread )
=>0x00007fd02802a000 JavaThread "main" [_thread_in_native, id=38536, stack(0x00007fd02ec28000,0x00007fd02ed29000)]
  0x00007fd02816a800 JavaThread "Reference Handler" daemon [_thread_blocked, id=38546, stack(0x00007fcffddfe000,0x00007fcffdeff000)]
  0x00007fd02816e800 JavaThread "Finalizer" daemon [_thread_blocked, id=38547, stack(0x00007fcffdcfd000,0x00007fcffddfe000)]
  0x00007fd028184000 JavaThread "Signal Dispatcher" daemon [_thread_blocked, id=38548, stack(0x00007fcffd7c4000,0x00007fcffd8c5000)]
  0x00007fd028186000 JavaThread "C2 CompilerThread0" daemon [_thread_blocked, id=38549, stack(0x00007fcffd6c3000,0x00007fcffd7c4000)]
  0x00007fd028188800 JavaThread "C1 CompilerThread0" daemon [_thread_blocked, id=38550, stack(0x00007fcffd5c2000,0x00007fcffd6c3000)]
  0x00007fd02818a800 JavaThread "Sweeper thread" daemon [_thread_blocked, id=38551, stack(0x00007fcffd4c1000,0x00007fcffd5c2000)]
  0x00007fd0281fd000 JavaThread "Common-Cleaner" daemon [_thread_blocked, id=38552, stack(0x00007fcffd3c0000,0x00007fcffd4c1000)]
  0x00007fd02825a000 JavaThread "JDWP Transport Listener: dt_socket" daemon [_thread_blocked, id=38555, stack(0x00007fcffd07e000,0x00007fcffd17f000)]
  0x00007fd02825e000 JavaThread "JDWP Event Helper Thread" daemon [_thread_blocked, id=38558, stack(0x00007fcffcf7d000,0x00007fcffd07e000)]
  0x00007fcfd4001000 JavaThread "JDWP Command Reader" daemon [_thread_in_native, id=38559, stack(0x00007fcffce7c000,0x00007fcffcf7d000)]
  0x00007fd028327800 JavaThread "Service Thread" daemon [_thread_blocked, id=38563, stack(0x00007fcffc953000,0x00007fcffca54000)]

Other Threads:
  0x00007fd028162000 VMThread "VM Thread" [stack: 0x00007fcffdf00000,0x00007fcffe000000] [id=38545]
  0x00007fd028329800 WatcherThread [stack: 0x00007fcffc853000,0x00007fcffc953000] [id=38564]
  0x00007fd028041800 GCTaskThread "GC Thread#0" [stack: 0x00007fd00f515000,0x00007fd00f615000] [id=38537]
  0x00007fd02805c800 ConcurrentGCThread "G1 Main Marker" [stack: 0x00007fd00cda1000,0x00007fd00cea1000] [id=38538]
  0x00007fd02805e800 ConcurrentGCThread "G1 Conc#0" [stack: 0x00007fd00cca0000,0x00007fd00cda0000] [id=38541]
  0x00007fd02809a000 ConcurrentGCThread "G1 Refine#0" [stack: 0x00007fd00c99d000,0x00007fd00ca9d000] [id=38543]
  0x00007fd02809b800 ConcurrentGCThread "G1 Young RemSet Sampling" [stack: 0x00007fd00c89c000,0x00007fd00c99c000] [id=38544]

Threads with active compile tasks:

VM state:not at safepoint (normal execution)

VM Mutex/Monitor currently owned by a thread: None

Heap address: 0x00000000c2a00000, size: 982 MB, Compressed Oops mode: 32-bit
Narrow klass base: 0x0000000000000000, Narrow klass shift: 3
Compressed class space size: 1073741824 Address: 0x0000000100000000

Heap:
 garbage-first heap   total 63488K, used 2048K [0x00000000c2a00000, 0x0000000100000000)
  region size 1024K, 4 young (4096K), 0 survivors (0K)
 Metaspace       used 8540K, capacity 8638K, committed 8704K, reserved 1056768K
  class space    used 749K, capacity 768K, committed 768K, reserved 1048576K
Heap Regions: E=young(eden), S=young(survivor), O=old, HS=humongous(starts), HC=humongous(continues), CS=collection set, F=free, A=archive, TAMS=top-at-mark-start (previous, next)
|   0|0x00000000c2a00000, 0x00000000c2a00000, 0x00000000c2b00000|  0%| F|  |TAMS 0x00000000c2a00000, 0x00000000c2a00000| Untracked 
|   1|0x00000000c2b00000, 0x00000000c2b00000, 0x00000000c2c00000|  0%| F|  |TAMS 0x00000000c2b00000, 0x00000000c2b00000| Untracked 
|   2|0x00000000c2c00000, 0x00000000c2c00000, 0x00000000c2d00000|  0%| F|  |TAMS 0x00000000c2c00000, 0x00000000c2c00000| Untracked 
|   3|0x00000000c2d00000, 0x00000000c2d00000, 0x00000000c2e00000|  0%| F|  |TAMS 0x00000000c2d00000, 0x00000000c2d00000| Untracked 
|   4|0x00000000c2e00000, 0x00000000c2e00000, 0x00000000c2f00000|  0%| F|  |TAMS 0x00000000c2e00000, 0x00000000c2e00000| Untracked 
|   5|0x00000000c2f00000, 0x00000000c2f00000, 0x00000000c3000000|  0%| F|  |TAMS 0x00000000c2f00000, 0x00000000c2f00000| Untracked 
|   6|0x00000000c3000000, 0x00000000c3000000, 0x00000000c3100000|  0%| F|  |TAMS 0x00000000c3000000, 0x00000000c3000000| Untracked 
|   7|0x00000000c3100000, 0x00000000c3100000, 0x00000000c3200000|  0%| F|  |TAMS 0x00000000c3100000, 0x00000000c3100000| Untracked 
|   8|0x00000000c3200000, 0x00000000c3200000, 0x00000000c3300000|  0%| F|  |TAMS 0x00000000c3200000, 0x00000000c3200000| Untracked 
|   9|0x00000000c3300000, 0x00000000c3300000, 0x00000000c3400000|  0%| F|  |TAMS 0x00000000c3300000, 0x00000000c3300000| Untracked 
|  10|0x00000000c3400000, 0x00000000c3400000, 0x00000000c3500000|  0%| F|  |TAMS 0x00000000c3400000, 0x00000000c3400000| Untracked 
|  11|0x00000000c3500000, 0x00000000c3500000, 0x00000000c3600000|  0%| F|  |TAMS 0x00000000c3500000, 0x00000000c3500000| Untracked 
|  12|0x00000000c3600000, 0x00000000c3600000, 0x00000000c3700000|  0%| F|  |TAMS 0x00000000c3600000, 0x00000000c3600000| Untracked 
|  13|0x00000000c3700000, 0x00000000c3700000, 0x00000000c3800000|  0%| F|  |TAMS 0x00000000c3700000, 0x00000000c3700000| Untracked 
|  14|0x00000000c3800000, 0x00000000c3800000, 0x00000000c3900000|  0%| F|  |TAMS 0x00000000c3800000, 0x00000000c3800000| Untracked 
|  15|0x00000000c3900000, 0x00000000c3900000, 0x00000000c3a00000|  0%| F|  |TAMS 0x00000000c3900000, 0x00000000c3900000| Untracked 
|  16|0x00000000c3a00000, 0x00000000c3a00000, 0x00000000c3b00000|  0%| F|  |TAMS 0x00000000c3a00000, 0x00000000c3a00000| Untracked 
|  17|0x00000000c3b00000, 0x00000000c3b00000, 0x00000000c3c00000|  0%| F|  |TAMS 0x00000000c3b00000, 0x00000000c3b00000| Untracked 
|  18|0x00000000c3c00000, 0x00000000c3c00000, 0x00000000c3d00000|  0%| F|  |TAMS 0x00000000c3c00000, 0x00000000c3c00000| Untracked 
|  19|0x00000000c3d00000, 0x00000000c3d00000, 0x00000000c3e00000|  0%| F|  |TAMS 0x00000000c3d00000, 0x00000000c3d00000| Untracked 
|  20|0x00000000c3e00000, 0x00000000c3e00000, 0x00000000c3f00000|  0%| F|  |TAMS 0x00000000c3e00000, 0x00000000c3e00000| Untracked 
|  21|0x00000000c3f00000, 0x00000000c3f00000, 0x00000000c4000000|  0%| F|  |TAMS 0x00000000c3f00000, 0x00000000c3f00000| Untracked 
|  22|0x00000000c4000000, 0x00000000c4000000, 0x00000000c4100000|  0%| F|  |TAMS 0x00000000c4000000, 0x00000000c4000000| Untracked 
|  23|0x00000000c4100000, 0x00000000c4100000, 0x00000000c4200000|  0%| F|  |TAMS 0x00000000c4100000, 0x00000000c4100000| Untracked 
|  24|0x00000000c4200000, 0x00000000c4200000, 0x00000000c4300000|  0%| F|  |TAMS 0x00000000c4200000, 0x00000000c4200000| Untracked 
|  25|0x00000000c4300000, 0x00000000c4300000, 0x00000000c4400000|  0%| F|  |TAMS 0x00000000c4300000, 0x00000000c4300000| Untracked 
|  26|0x00000000c4400000, 0x00000000c4400000, 0x00000000c4500000|  0%| F|  |TAMS 0x00000000c4400000, 0x00000000c4400000| Untracked 
|  27|0x00000000c4500000, 0x00000000c4500000, 0x00000000c4600000|  0%| F|  |TAMS 0x00000000c4500000, 0x00000000c4500000| Untracked 
|  28|0x00000000c4600000, 0x00000000c4600000, 0x00000000c4700000|  0%| F|  |TAMS 0x00000000c4600000, 0x00000000c4600000| Untracked 
|  29|0x00000000c4700000, 0x00000000c4700000, 0x00000000c4800000|  0%| F|  |TAMS 0x00000000c4700000, 0x00000000c4700000| Untracked 
|  30|0x00000000c4800000, 0x00000000c4800000, 0x00000000c4900000|  0%| F|  |TAMS 0x00000000c4800000, 0x00000000c4800000| Untracked 
|  31|0x00000000c4900000, 0x00000000c4900000, 0x00000000c4a00000|  0%| F|  |TAMS 0x00000000c4900000, 0x00000000c4900000| Untracked 
|  32|0x00000000c4a00000, 0x00000000c4a00000, 0x00000000c4b00000|  0%| F|  |TAMS 0x00000000c4a00000, 0x00000000c4a00000| Untracked 
|  33|0x00000000c4b00000, 0x00000000c4b00000, 0x00000000c4c00000|  0%| F|  |TAMS 0x00000000c4b00000, 0x00000000c4b00000| Untracked 
|  34|0x00000000c4c00000, 0x00000000c4c00000, 0x00000000c4d00000|  0%| F|  |TAMS 0x00000000c4c00000, 0x00000000c4c00000| Untracked 
|  35|0x00000000c4d00000, 0x00000000c4d00000, 0x00000000c4e00000|  0%| F|  |TAMS 0x00000000c4d00000, 0x00000000c4d00000| Untracked 
|  36|0x00000000c4e00000, 0x00000000c4e00000, 0x00000000c4f00000|  0%| F|  |TAMS 0x00000000c4e00000, 0x00000000c4e00000| Untracked 
|  37|0x00000000c4f00000, 0x00000000c4f00000, 0x00000000c5000000|  0%| F|  |TAMS 0x00000000c4f00000, 0x00000000c4f00000| Untracked 
|  38|0x00000000c5000000, 0x00000000c5000000, 0x00000000c5100000|  0%| F|  |TAMS 0x00000000c5000000, 0x00000000c5000000| Untracked 
|  39|0x00000000c5100000, 0x00000000c5100000, 0x00000000c5200000|  0%| F|  |TAMS 0x00000000c5100000, 0x00000000c5100000| Untracked 
|  40|0x00000000c5200000, 0x00000000c5200000, 0x00000000c5300000|  0%| F|  |TAMS 0x00000000c5200000, 0x00000000c5200000| Untracked 
|  41|0x00000000c5300000, 0x00000000c5300000, 0x00000000c5400000|  0%| F|  |TAMS 0x00000000c5300000, 0x00000000c5300000| Untracked 
|  42|0x00000000c5400000, 0x00000000c5400000, 0x00000000c5500000|  0%| F|  |TAMS 0x00000000c5400000, 0x00000000c5400000| Untracked 
|  43|0x00000000c5500000, 0x00000000c5500000, 0x00000000c5600000|  0%| F|  |TAMS 0x00000000c5500000, 0x00000000c5500000| Untracked 
|  44|0x00000000c5600000, 0x00000000c5600000, 0x00000000c5700000|  0%| F|  |TAMS 0x00000000c5600000, 0x00000000c5600000| Untracked 
|  45|0x00000000c5700000, 0x00000000c5700000, 0x00000000c5800000|  0%| F|  |TAMS 0x00000000c5700000, 0x00000000c5700000| Untracked 
|  46|0x00000000c5800000, 0x00000000c5800000, 0x00000000c5900000|  0%| F|  |TAMS 0x00000000c5800000, 0x00000000c5800000| Untracked 
|  47|0x00000000c5900000, 0x00000000c5900000, 0x00000000c5a00000|  0%| F|  |TAMS 0x00000000c5900000, 0x00000000c5900000| Untracked 
|  48|0x00000000c5a00000, 0x00000000c5a00000, 0x00000000c5b00000|  0%| F|  |TAMS 0x00000000c5a00000, 0x00000000c5a00000| Untracked 
|  49|0x00000000c5b00000, 0x00000000c5b00000, 0x00000000c5c00000|  0%| F|  |TAMS 0x00000000c5b00000, 0x00000000c5b00000| Untracked 
|  50|0x00000000c5c00000, 0x00000000c5c00000, 0x00000000c5d00000|  0%| F|  |TAMS 0x00000000c5c00000, 0x00000000c5c00000| Untracked 
|  51|0x00000000c5d00000, 0x00000000c5d00000, 0x00000000c5e00000|  0%| F|  |TAMS 0x00000000c5d00000, 0x00000000c5d00000| Untracked 
|  52|0x00000000c5e00000, 0x00000000c5e00000, 0x00000000c5f00000|  0%| F|  |TAMS 0x00000000c5e00000, 0x00000000c5e00000| Untracked 
|  53|0x00000000c5f00000, 0x00000000c5f00000, 0x00000000c6000000|  0%| F|  |TAMS 0x00000000c5f00000, 0x00000000c5f00000| Untracked 
|  54|0x00000000c6000000, 0x00000000c6000000, 0x00000000c6100000|  0%| F|  |TAMS 0x00000000c6000000, 0x00000000c6000000| Untracked 
|  55|0x00000000c6100000, 0x00000000c6100000, 0x00000000c6200000|  0%| F|  |TAMS 0x00000000c6100000, 0x00000000c6100000| Untracked 
|  56|0x00000000c6200000, 0x00000000c6200000, 0x00000000c6300000|  0%| F|  |TAMS 0x00000000c6200000, 0x00000000c6200000| Untracked 
|  57|0x00000000c6300000, 0x00000000c6300000, 0x00000000c6400000|  0%| F|  |TAMS 0x00000000c6300000, 0x00000000c6300000| Untracked 
|  58|0x00000000c6400000, 0x00000000c64c8000, 0x00000000c6500000| 78%| E|  |TAMS 0x00000000c6400000, 0x00000000c6400000| Complete 
|  59|0x00000000c6500000, 0x00000000c6600000, 0x00000000c6600000|100%| E|  |TAMS 0x00000000c6500000, 0x00000000c6500000| Complete 
|  60|0x00000000c6600000, 0x00000000c6700000, 0x00000000c6700000|100%| E|CS|TAMS 0x00000000c6600000, 0x00000000c6600000| Complete 
|  61|0x00000000c6700000, 0x00000000c6800000, 0x00000000c6800000|100%| E|CS|TAMS 0x00000000c6700000, 0x00000000c6700000| Complete 

Card table byte_map: [0x00007fd00ef3c000,0x00007fd00f127000] _byte_map_base: 0x00007fd00e927000

Marking Bits (Prev, Next): (CMBitMap*) 0x00007fd028057da8, (CMBitMap*) 0x00007fd028057de0
 Prev Bits: [0x00007fd00ddf9000, 0x00007fd00ed51000)
 Next Bits: [0x00007fd00cea1000, 0x00007fd00ddf9000)

Polling page: 0x00007fd02ed43000

Metaspace:

Usage:
  Non-class:      7.69 MB capacity,     7.61 MB (>99%) used,    72.38 KB ( <1%) free+waste,     6.25 KB ( <1%) overhead. 
      Class:    768.00 KB capacity,   749.48 KB ( 98%) used,    16.20 KB (  2%) free+waste,     2.31 KB ( <1%) overhead. 
       Both:      8.44 MB capacity,     8.34 MB ( 99%) used,    88.59 KB (  1%) free+waste,     8.56 KB ( <1%) overhead. 

Virtual space:
  Non-class space:        8.00 MB reserved,       7.75 MB ( 97%) committed 
      Class space:        1.00 GB reserved,     768.00 KB ( <1%) committed 
             Both:        1.01 GB reserved,       8.50 MB ( <1%) committed 

Chunk freelists:
   Non-Class:  22.00 KB
       Class:  0 bytes
        Both:  22.00 KB

MaxMetaspaceSize: unlimited
CompressedClassSpaceSize: 1.00 GB

CodeHeap 'non-profiled nmethods': size=120036Kb used=95Kb max_used=95Kb free=119940Kb
 bounds [0x00007fd0172b2000, 0x00007fd017522000, 0x00007fd01e7eb000]
CodeHeap 'profiled nmethods': size=120032Kb used=506Kb max_used=506Kb free=119525Kb
 bounds [0x00007fd00fd7a000, 0x00007fd00ffea000, 0x00007fd0172b2000]
CodeHeap 'non-nmethods': size=5692Kb used=1103Kb max_used=1118Kb free=4588Kb
 bounds [0x00007fd00f7eb000, 0x00007fd00fa5b000, 0x00007fd00fd7a000]
 total_blobs=702 nmethods=359 adapters=264
 compilation: enabled
              stopped_count=0, restarted_count=0
 full_count=0

Compilation events (20 events):
Event: 0.980 Thread 0x00007fd028188800 nmethod 350 0x00007fd00fdf4c90 code [0x00007fd00fdf4e60, 0x00007fd00fdf51a0]
Event: 0.980 Thread 0x00007fd028188800  347  s    3       java.util.Properties::put (10 bytes)
Event: 0.980 Thread 0x00007fd028188800 nmethod 347 0x00007fd00fdf5310 code [0x00007fd00fdf54e0, 0x00007fd00fdf5820]
Event: 0.980 Thread 0x00007fd028188800  349       3       java.util.Objects::hash (5 bytes)
Event: 0.980 Thread 0x00007fd028188800 nmethod 349 0x00007fd00fdf5990 code [0x00007fd00fdf5b40, 0x00007fd00fdf5c40]
Event: 0.980 Thread 0x00007fd028186000  348       4       java.util.concurrent.ConcurrentHashMap::tabAt (22 bytes)
Event: 0.981 Thread 0x00007fd028186000 nmethod 348 0x00007fd0172c7d10 code [0x00007fd0172c7ea0, 0x00007fd0172c7ef8]
Event: 0.983 Thread 0x00007fd028188800  351       3       sun.security.provider.ByteArrayAccess::b2iBig64 (614 bytes)
Event: 0.984 Thread 0x00007fd028188800 nmethod 351 0x00007fd00fdf5d10 code [0x00007fd00fdf5f80, 0x00007fd00fdf6d00]
Event: 0.984 Thread 0x00007fd028188800  352       3       sun.security.provider.SHA2::implCompress (13 bytes)
Event: 0.984 Thread 0x00007fd028188800 nmethod 352 0x00007fd00fdf7210 code [0x00007fd00fdf7400, 0x00007fd00fdf7740]
Event: 0.984 Thread 0x00007fd028188800  353       1       java.util.ArrayList::size (5 bytes)
Event: 0.985 Thread 0x00007fd028188800 nmethod 353 0x00007fd0172c7f90 code [0x00007fd0172c8140, 0x00007fd0172c81f0]
Event: 0.986 Thread 0x00007fd028186000  354 %     4       sun.security.provider.SHA2::implCompress0 @ 3 (322 bytes)
Event: 0.993 Thread 0x00007fd028188800  356       3       java.lang.StringLatin1::indexOf (121 bytes)
Event: 0.994 Thread 0x00007fd028188800 nmethod 356 0x00007fd00fdf7890 code [0x00007fd00fdf7a80, 0x00007fd00fdf7f70]
Event: 0.994 Thread 0x00007fd028188800  355       3       java.lang.String::startsWith (7 bytes)
Event: 0.994 Thread 0x00007fd028188800 nmethod 355 0x00007fd00fdf8190 code [0x00007fd00fdf8340, 0x00007fd00fdf8480]
Event: 0.995 Thread 0x00007fd028188800  359       3       java.util.Arrays::equals (43 bytes)
Event: 0.995 Thread 0x00007fd028188800 nmethod 359 0x00007fd00fdf8510 code [0x00007fd00fdf86e0, 0x00007fd00fdf8980]

GC Heap History (0 events):
No events

Deoptimization events (4 events):
Event: 0.771 Thread 0x00007fd02802a000 Uncommon trap: trap_request=0xffffff4d fr.pc=0x00007fd0172be514 relative=0x0000000000000f14
Event: 0.771 Thread 0x00007fd02802a000 Uncommon trap: reason=unstable_if action=reinterpret pc=0x00007fd0172be514 method=java.util.HashMap.putVal(ILjava/lang/Object;Ljava/lang/Object;ZZ)Ljava/lang/Object; @ 181 c2
Event: 0.771 Thread 0x00007fd02802a000 DEOPT PACKING pc=0x00007fd0172be514 sp=0x00007fd02ed26920
Event: 0.771 Thread 0x00007fd02802a000 DEOPT UNPACKING pc=0x00007fd00f821ca5 sp=0x00007fd02ed268d0 mode 2

Classes redefined (0 events):
No events

Internal exceptions (0 events):
No events

Events (20 events):
Event: 0.991 loading class java/util/Arrays$LegacyMergeSort
Event: 0.992 loading class java/util/Arrays$LegacyMergeSort done
Event: 0.992 loading class java/util/TimSort
Event: 0.992 loading class java/util/TimSort done
Event: 0.993 loading class org/eclipse/jdt/launching/internal/javaagent/Premain$1
Event: 0.993 loading class org/eclipse/jdt/launching/internal/javaagent/Premain$1 done
Event: 0.995 Thread 0x00007fd028327800 Thread added: 0x00007fd028327800
Event: 0.995 Executing VM operation: EnableBiasedLocking
Event: 0.997 Protecting memory [0x00007fcffc953000,0x00007fcffc957000] with protection modes 0
Event: 0.998 Executing VM operation: EnableBiasedLocking done
Event: 0.998 loading class jdk/internal/vm/PostVMInitHook
Event: 0.998 loading class jdk/internal/vm/PostVMInitHook done
Event: 1.000 loading class sun/launcher/LauncherHelper
Event: 1.001 loading class sun/launcher/LauncherHelper done
Event: 1.002 loading class MoveItemApp
Event: 1.002 loading class MoveItemApp done
Event: 1.002 loading class jdk/internal/loader/URLClassPath$FileLoader$1
Event: 1.002 loading class jdk/internal/loader/URLClassPath$FileLoader$1 done
Event: 1.003 loading class org/eclipse/jdt/launching/internal/org/objectweb/asm/ClassReader
Event: 1.003 loading class org/eclipse/jdt/launching/internal/org/objectweb/asm/ClassReader done


Dynamic libraries:
c2a00000-c6800000 rw-p 00000000 00:00 0 
c6800000-100000000 ---p 00000000 00:00 0 
100000000-1000c0000 rw-p 00000000 00:00 0 
1000c0000-140000000 ---p 00000000 00:00 0 
562ec6fa2000-562ec6fa3000 r-xp 00000000 08:01 329245                     /usr/lib/jvm/jdk-11.0.9.1+1/bin/java
562ec71a3000-562ec71a4000 r--p 00001000 08:01 329245                     /usr/lib/jvm/jdk-11.0.9.1+1/bin/java
562ec71a4000-562ec71a5000 rw-p 00002000 08:01 329245                     /usr/lib/jvm/jdk-11.0.9.1+1/bin/java
562ec7c7d000-562ec7c9e000 rw-p 00000000 00:00 0                          [heap]
7fcfd0000000-7fcfd0021000 rw-p 00000000 00:00 0 
7fcfd0021000-7fcfd4000000 ---p 00000000 00:00 0 
7fcfd4000000-7fcfd4021000 rw-p 00000000 00:00 0 
7fcfd4021000-7fcfd8000000 ---p 00000000 00:00 0 
7fcfd8000000-7fcfd8100000 rw-p 00000000 00:00 0 
7fcfd8100000-7fcfdc000000 ---p 00000000 00:00 0 
7fcfdc000000-7fcfdc021000 rw-p 00000000 00:00 0 
7fcfdc021000-7fcfe0000000 ---p 00000000 00:00 0 
7fcfe0000000-7fcfe0021000 rw-p 00000000 00:00 0 
7fcfe0021000-7fcfe4000000 ---p 00000000 00:00 0 
7fcfe4000000-7fcfe42dd000 rw-p 00000000 00:00 0 
7fcfe42dd000-7fcfe8000000 ---p 00000000 00:00 0 
7fcfe8000000-7fcfe8021000 rw-p 00000000 00:00 0 
7fcfe8021000-7fcfec000000 ---p 00000000 00:00 0 
7fcfec000000-7fcfec021000 rw-p 00000000 00:00 0 
7fcfec021000-7fcff0000000 ---p 00000000 00:00 0 
7fcff0000000-7fcff0021000 rw-p 00000000 00:00 0 
7fcff0021000-7fcff4000000 ---p 00000000 00:00 0 
7fcff4000000-7fcff4021000 rw-p 00000000 00:00 0 
7fcff4021000-7fcff8000000 ---p 00000000 00:00 0 
7fcff8000000-7fcff8021000 rw-p 00000000 00:00 0 
7fcff8021000-7fcffc000000 ---p 00000000 00:00 0 
7fcffc497000-7fcffc852000 rw-p 00000000 00:00 0 
7fcffc852000-7fcffc853000 ---p 00000000 00:00 0 
7fcffc853000-7fcffc953000 rw-p 00000000 00:00 0 
7fcffc953000-7fcffc957000 ---p 00000000 00:00 0 
7fcffc957000-7fcffca54000 rw-p 00000000 00:00 0 
7fcffca54000-7fcffca6a000 r-xp 00000000 08:01 329143                     /usr/lib/jvm/jdk-11.0.9.1+1/lib/libnet.so
7fcffca6a000-7fcffcc69000 ---p 00016000 08:01 329143                     /usr/lib/jvm/jdk-11.0.9.1+1/lib/libnet.so
7fcffcc69000-7fcffcc6a000 r--p 00015000 08:01 329143                     /usr/lib/jvm/jdk-11.0.9.1+1/lib/libnet.so
7fcffcc6a000-7fcffcc6b000 rw-p 00016000 08:01 329143                     /usr/lib/jvm/jdk-11.0.9.1+1/lib/libnet.so
7fcffcc6b000-7fcffcc7a000 r-xp 00000000 08:01 329159                     /usr/lib/jvm/jdk-11.0.9.1+1/lib/libnio.so
7fcffcc7a000-7fcffce7a000 ---p 0000f000 08:01 329159                     /usr/lib/jvm/jdk-11.0.9.1+1/lib/libnio.so
7fcffce7a000-7fcffce7b000 r--p 0000f000 08:01 329159                     /usr/lib/jvm/jdk-11.0.9.1+1/lib/libnio.so
7fcffce7b000-7fcffce7c000 rw-p 00010000 08:01 329159                     /usr/lib/jvm/jdk-11.0.9.1+1/lib/libnio.so
7fcffce7c000-7fcffce80000 ---p 00000000 00:00 0 
7fcffce80000-7fcffcf7d000 rw-p 00000000 00:00 0 
7fcffcf7d000-7fcffcf81000 ---p 00000000 00:00 0 
7fcffcf81000-7fcffd07e000 rw-p 00000000 00:00 0 
7fcffd07e000-7fcffd082000 ---p 00000000 00:00 0 
7fcffd082000-7fcffd17f000 rw-p 00000000 00:00 0 
7fcffd1ba000-7fcffd1be000 r-xp 00000000 08:01 329174                     /usr/lib/jvm/jdk-11.0.9.1+1/lib/libdt_socket.so
7fcffd1be000-7fcffd3be000 ---p 00004000 08:01 329174                     /usr/lib/jvm/jdk-11.0.9.1+1/lib/libdt_socket.so
7fcffd3be000-7fcffd3bf000 r--p 00004000 08:01 329174                     /usr/lib/jvm/jdk-11.0.9.1+1/lib/libdt_socket.so
7fcffd3bf000-7fcffd3c0000 rw-p 00005000 08:01 329174                     /usr/lib/jvm/jdk-11.0.9.1+1/lib/libdt_socket.so
7fcffd3c0000-7fcffd3c4000 ---p 00000000 00:00 0 
7fcffd3c4000-7fcffd4c1000 rw-p 00000000 00:00 0 
7fcffd4c1000-7fcffd4c5000 ---p 00000000 00:00 0 
7fcffd4c5000-7fcffd5c2000 rw-p 00000000 00:00 0 
7fcffd5c2000-7fcffd5c6000 ---p 00000000 00:00 0 
7fcffd5c6000-7fcffd6c3000 rw-p 00000000 00:00 0 
7fcffd6c3000-7fcffd6c7000 ---p 00000000 00:00 0 
7fcffd6c7000-7fcffd7c4000 rw-p 00000000 00:00 0 
7fcffd7c4000-7fcffd7c8000 ---p 00000000 00:00 0 
7fcffd7c8000-7fcffd8c5000 rw-p 00000000 00:00 0 
7fcffd8c5000-7fcffdcfd000 r--p 00000000 08:01 262645                     /usr/lib/locale/locale-archive
7fcffdcfd000-7fcffdd01000 ---p 00000000 00:00 0 
7fcffdd01000-7fcffddfe000 rw-p 00000000 00:00 0 
7fcffddfe000-7fcffde02000 ---p 00000000 00:00 0 
7fcffde02000-7fcffdeff000 rw-p 00000000 00:00 0 
7fcffdeff000-7fcffdf00000 ---p 00000000 00:00 0 
7fcffdf00000-7fd000000000 rw-p 00000000 00:00 0 
7fd000000000-7fd000021000 rw-p 00000000 00:00 0 
7fd000021000-7fd004000000 ---p 00000000 00:00 0 
7fd004000000-7fd004021000 rw-p 00000000 00:00 0 
7fd004021000-7fd008000000 ---p 00000000 00:00 0 
7fd008000000-7fd008021000 rw-p 00000000 00:00 0 
7fd008021000-7fd00c000000 ---p 00000000 00:00 0 
7fd00c01a000-7fd00c85b000 rw-p 00000000 00:00 0 
7fd00c85b000-7fd00c89b000 ---p 00000000 00:00 0 
7fd00c89b000-7fd00c89c000 ---p 00000000 00:00 0 
7fd00c89c000-7fd00c99c000 rw-p 00000000 00:00 0 
7fd00c99c000-7fd00c99d000 ---p 00000000 00:00 0 
7fd00c99d000-7fd00cc9f000 rw-p 00000000 00:00 0 
7fd00cc9f000-7fd00cca0000 ---p 00000000 00:00 0 
7fd00cca0000-7fd00cda0000 rw-p 00000000 00:00 0 
7fd00cda0000-7fd00cda1000 ---p 00000000 00:00 0 
7fd00cda1000-7fd00cf99000 rw-p 00000000 00:00 0 
7fd00cf99000-7fd00ddf9000 ---p 00000000 00:00 0 
7fd00ddf9000-7fd00def1000 rw-p 00000000 00:00 0 
7fd00def1000-7fd00ed51000 ---p 00000000 00:00 0 
7fd00ed51000-7fd00ed70000 rw-p 00000000 00:00 0 
7fd00ed70000-7fd00ef3c000 ---p 00000000 00:00 0 
7fd00ef3c000-7fd00ef5b000 rw-p 00000000 00:00 0 
7fd00ef5b000-7fd00f127000 ---p 00000000 00:00 0 
7fd00f127000-7fd00f146000 rw-p 00000000 00:00 0 
7fd00f146000-7fd00f312000 ---p 00000000 00:00 0 
7fd00f312000-7fd00f514000 rw-p 00000000 00:00 0 
7fd00f514000-7fd00f515000 ---p 00000000 00:00 0 
7fd00f515000-7fd00f61a000 rw-p 00000000 00:00 0 
7fd00f61a000-7fd00f700000 ---p 00000000 00:00 0 
7fd00f700000-7fd00f705000 rw-p 00000000 00:00 0 
7fd00f705000-7fd00f7eb000 ---p 00000000 00:00 0 
7fd00f7eb000-7fd00fa5b000 rwxp 00000000 00:00 0 
7fd00fa5b000-7fd00fd7a000 ---p 00000000 00:00 0 
7fd00fd7a000-7fd00ffea000 rwxp 00000000 00:00 0 
7fd00ffea000-7fd0172b2000 ---p 00000000 00:00 0 
7fd0172b2000-7fd017522000 rwxp 00000000 00:00 0 
7fd017522000-7fd01e7eb000 ---p 00000000 00:00 0 
7fd01e7eb000-7fd026f52000 r--s 00000000 08:01 329183                     /usr/lib/jvm/jdk-11.0.9.1+1/lib/modules
7fd026f52000-7fd026f59000 r-xp 00000000 08:01 329142                     /usr/lib/jvm/jdk-11.0.9.1+1/lib/libzip.so
7fd026f59000-7fd027158000 ---p 00007000 08:01 329142                     /usr/lib/jvm/jdk-11.0.9.1+1/lib/libzip.so
7fd027158000-7fd027159000 r--p 00006000 08:01 329142                     /usr/lib/jvm/jdk-11.0.9.1+1/lib/libzip.so
7fd027159000-7fd02715a000 rw-p 00007000 08:01 329142                     /usr/lib/jvm/jdk-11.0.9.1+1/lib/libzip.so
7fd02715a000-7fd027165000 r-xp 00000000 08:01 916555                     /lib/x86_64-linux-gnu/libnss_files-2.23.so
7fd027165000-7fd027364000 ---p 0000b000 08:01 916555                     /lib/x86_64-linux-gnu/libnss_files-2.23.so
7fd027364000-7fd027365000 r--p 0000a000 08:01 916555                     /lib/x86_64-linux-gnu/libnss_files-2.23.so
7fd027365000-7fd027366000 rw-p 0000b000 08:01 916555                     /lib/x86_64-linux-gnu/libnss_files-2.23.so
7fd027366000-7fd02736c000 rw-p 00000000 00:00 0 
7fd02736c000-7fd027377000 r-xp 00000000 08:01 916569                     /lib/x86_64-linux-gnu/libnss_nis-2.23.so
7fd027377000-7fd027576000 ---p 0000b000 08:01 916569                     /lib/x86_64-linux-gnu/libnss_nis-2.23.so
7fd027576000-7fd027577000 r--p 0000a000 08:01 916569                     /lib/x86_64-linux-gnu/libnss_nis-2.23.so
7fd027577000-7fd027578000 rw-p 0000b000 08:01 916569                     /lib/x86_64-linux-gnu/libnss_nis-2.23.so
7fd027578000-7fd02758e000 r-xp 00000000 08:01 916571                     /lib/x86_64-linux-gnu/libnsl-2.23.so
7fd02758e000-7fd02778d000 ---p 00016000 08:01 916571                     /lib/x86_64-linux-gnu/libnsl-2.23.so
7fd02778d000-7fd02778e000 r--p 00015000 08:01 916571                     /lib/x86_64-linux-gnu/libnsl-2.23.so
7fd02778e000-7fd02778f000 rw-p 00016000 08:01 916571                     /lib/x86_64-linux-gnu/libnsl-2.23.so
7fd02778f000-7fd027791000 rw-p 00000000 00:00 0 
7fd027791000-7fd027799000 r-xp 00000000 08:01 916575                     /lib/x86_64-linux-gnu/libnss_compat-2.23.so
7fd027799000-7fd027998000 ---p 00008000 08:01 916575                     /lib/x86_64-linux-gnu/libnss_compat-2.23.so
7fd027998000-7fd027999000 r--p 00007000 08:01 916575                     /lib/x86_64-linux-gnu/libnss_compat-2.23.so
7fd027999000-7fd02799a000 rw-p 00008000 08:01 916575                     /lib/x86_64-linux-gnu/libnss_compat-2.23.so
7fd02799a000-7fd0279a4000 r-xp 00000000 08:01 329187                     /usr/lib/jvm/jdk-11.0.9.1+1/lib/libinstrument.so
7fd0279a4000-7fd027ba3000 ---p 0000a000 08:01 329187                     /usr/lib/jvm/jdk-11.0.9.1+1/lib/libinstrument.so
7fd027ba3000-7fd027ba4000 r--p 00009000 08:01 329187                     /usr/lib/jvm/jdk-11.0.9.1+1/lib/libinstrument.so
7fd027ba4000-7fd027ba5000 rw-p 0000a000 08:01 329187                     /usr/lib/jvm/jdk-11.0.9.1+1/lib/libinstrument.so
7fd027ba5000-7fd027be1000 r-xp 00000000 08:01 329158                     /usr/lib/jvm/jdk-11.0.9.1+1/lib/libjdwp.so
7fd027be1000-7fd027de0000 ---p 0003c000 08:01 329158                     /usr/lib/jvm/jdk-11.0.9.1+1/lib/libjdwp.so
7fd027de0000-7fd027de1000 r--p 0003b000 08:01 329158                     /usr/lib/jvm/jdk-11.0.9.1+1/lib/libjdwp.so
7fd027de1000-7fd027de2000 rw-p 0003c000 08:01 329158                     /usr/lib/jvm/jdk-11.0.9.1+1/lib/libjdwp.so
7fd027de2000-7fd027dfd000 r-xp 00000000 08:01 329136                     /usr/lib/jvm/jdk-11.0.9.1+1/lib/libjimage.so
7fd027dfd000-7fd027ffd000 ---p 0001b000 08:01 329136                     /usr/lib/jvm/jdk-11.0.9.1+1/lib/libjimage.so
7fd027ffd000-7fd027fff000 r--p 0001b000 08:01 329136                     /usr/lib/jvm/jdk-11.0.9.1+1/lib/libjimage.so
7fd027fff000-7fd028000000 rw-p 0001d000 08:01 329136                     /usr/lib/jvm/jdk-11.0.9.1+1/lib/libjimage.so
7fd028000000-7fd02835c000 rw-p 00000000 00:00 0 
7fd02835c000-7fd02c000000 ---p 00000000 00:00 0 
7fd02c016000-7fd02c03f000 r-xp 00000000 08:01 329188                     /usr/lib/jvm/jdk-11.0.9.1+1/lib/libjava.so
7fd02c03f000-7fd02c23e000 ---p 00029000 08:01 329188                     /usr/lib/jvm/jdk-11.0.9.1+1/lib/libjava.so
7fd02c23e000-7fd02c23f000 r--p 00028000 08:01 329188                     /usr/lib/jvm/jdk-11.0.9.1+1/lib/libjava.so
7fd02c23f000-7fd02c240000 rw-p 00029000 08:01 329188                     /usr/lib/jvm/jdk-11.0.9.1+1/lib/libjava.so
7fd02c240000-7fd02c241000 rw-p 00000000 00:00 0 
7fd02c241000-7fd02c252000 r-xp 00000000 08:01 329144                     /usr/lib/jvm/jdk-11.0.9.1+1/lib/libverify.so
7fd02c252000-7fd02c451000 ---p 00011000 08:01 329144                     /usr/lib/jvm/jdk-11.0.9.1+1/lib/libverify.so
7fd02c451000-7fd02c453000 r--p 00010000 08:01 329144                     /usr/lib/jvm/jdk-11.0.9.1+1/lib/libverify.so
7fd02c453000-7fd02c454000 rw-p 00012000 08:01 329144                     /usr/lib/jvm/jdk-11.0.9.1+1/lib/libverify.so
7fd02c454000-7fd02c45b000 r-xp 00000000 08:01 916553                     /lib/x86_64-linux-gnu/librt-2.23.so
7fd02c45b000-7fd02c65a000 ---p 00007000 08:01 916553                     /lib/x86_64-linux-gnu/librt-2.23.so
7fd02c65a000-7fd02c65b000 r--p 00006000 08:01 916553                     /lib/x86_64-linux-gnu/librt-2.23.so
7fd02c65b000-7fd02c65c000 rw-p 00007000 08:01 916553                     /lib/x86_64-linux-gnu/librt-2.23.so
7fd02c65c000-7fd02c764000 r-xp 00000000 08:01 916563                     /lib/x86_64-linux-gnu/libm-2.23.so
7fd02c764000-7fd02c963000 ---p 00108000 08:01 916563                     /lib/x86_64-linux-gnu/libm-2.23.so
7fd02c963000-7fd02c964000 r--p 00107000 08:01 916563                     /lib/x86_64-linux-gnu/libm-2.23.so
7fd02c964000-7fd02c965000 rw-p 00108000 08:01 916563                     /lib/x86_64-linux-gnu/libm-2.23.so
7fd02c965000-7fd02dbb7000 r-xp 00000000 08:01 329133                     /usr/lib/jvm/jdk-11.0.9.1+1/lib/server/libjvm.so
7fd02dbb7000-7fd02ddb6000 ---p 01252000 08:01 329133                     /usr/lib/jvm/jdk-11.0.9.1+1/lib/server/libjvm.so
7fd02ddb6000-7fd02de78000 r--p 01251000 08:01 329133                     /usr/lib/jvm/jdk-11.0.9.1+1/lib/server/libjvm.so
7fd02de78000-7fd02deb3000 rw-p 01313000 08:01 329133                     /usr/lib/jvm/jdk-11.0.9.1+1/lib/server/libjvm.so
7fd02deb3000-7fd02df0a000 rw-p 00000000 00:00 0 
7fd02df0a000-7fd02e0ca000 r-xp 00000000 08:01 916573                     /lib/x86_64-linux-gnu/libc-2.23.so
7fd02e0ca000-7fd02e2ca000 ---p 001c0000 08:01 916573                     /lib/x86_64-linux-gnu/libc-2.23.so
7fd02e2ca000-7fd02e2ce000 r--p 001c0000 08:01 916573                     /lib/x86_64-linux-gnu/libc-2.23.so
7fd02e2ce000-7fd02e2d0000 rw-p 001c4000 08:01 916573                     /lib/x86_64-linux-gnu/libc-2.23.so
7fd02e2d0000-7fd02e2d4000 rw-p 00000000 00:00 0 
7fd02e2d4000-7fd02e2d7000 r-xp 00000000 08:01 916547                     /lib/x86_64-linux-gnu/libdl-2.23.so
7fd02e2d7000-7fd02e4d6000 ---p 00003000 08:01 916547                     /lib/x86_64-linux-gnu/libdl-2.23.so
7fd02e4d6000-7fd02e4d7000 r--p 00002000 08:01 916547                     /lib/x86_64-linux-gnu/libdl-2.23.so
7fd02e4d7000-7fd02e4d8000 rw-p 00003000 08:01 916547                     /lib/x86_64-linux-gnu/libdl-2.23.so
7fd02e4d8000-7fd02e4e8000 r-xp 00000000 08:01 329153                     /usr/lib/jvm/jdk-11.0.9.1+1/lib/jli/libjli.so
7fd02e4e8000-7fd02e6e7000 ---p 00010000 08:01 329153                     /usr/lib/jvm/jdk-11.0.9.1+1/lib/jli/libjli.so
7fd02e6e7000-7fd02e6e8000 r--p 0000f000 08:01 329153                     /usr/lib/jvm/jdk-11.0.9.1+1/lib/jli/libjli.so
7fd02e6e8000-7fd02e6e9000 rw-p 00010000 08:01 329153                     /usr/lib/jvm/jdk-11.0.9.1+1/lib/jli/libjli.so
7fd02e6e9000-7fd02e701000 r-xp 00000000 08:01 916533                     /lib/x86_64-linux-gnu/libpthread-2.23.so
7fd02e701000-7fd02e900000 ---p 00018000 08:01 916533                     /lib/x86_64-linux-gnu/libpthread-2.23.so
7fd02e900000-7fd02e901000 r--p 00017000 08:01 916533                     /lib/x86_64-linux-gnu/libpthread-2.23.so
7fd02e901000-7fd02e902000 rw-p 00018000 08:01 916533                     /lib/x86_64-linux-gnu/libpthread-2.23.so
7fd02e902000-7fd02e906000 rw-p 00000000 00:00 0 
7fd02e906000-7fd02e91f000 r-xp 00000000 08:01 920032                     /lib/x86_64-linux-gnu/libz.so.1.2.8
7fd02e91f000-7fd02eb1e000 ---p 00019000 08:01 920032                     /lib/x86_64-linux-gnu/libz.so.1.2.8
7fd02eb1e000-7fd02eb1f000 r--p 00018000 08:01 920032                     /lib/x86_64-linux-gnu/libz.so.1.2.8
7fd02eb1f000-7fd02eb20000 rw-p 00019000 08:01 920032                     /lib/x86_64-linux-gnu/libz.so.1.2.8
7fd02eb20000-7fd02eb46000 r-xp 00000000 08:01 916557                     /lib/x86_64-linux-gnu/ld-2.23.so
7fd02eba5000-7fd02ebac000 r--s 00000000 08:01 400090                     /usr/lib/x86_64-linux-gnu/gconv/gconv-modules.cache
7fd02ebac000-7fd02ec28000 rw-p 00000000 00:00 0 
7fd02ec28000-7fd02ec2c000 ---p 00000000 00:00 0 
7fd02ec2c000-7fd02ed2e000 rw-p 00000000 00:00 0 
7fd02ed2f000-7fd02ed34000 rw-p 00000000 00:00 0 
7fd02ed34000-7fd02ed3b000 ---p 00000000 00:00 0 
7fd02ed3b000-7fd02ed43000 rw-s 00000000 08:01 919815                     /tmp/hsperfdata_server/38528
7fd02ed43000-7fd02ed44000 ---p 00000000 00:00 0 
7fd02ed44000-7fd02ed45000 r--p 00000000 00:00 0 
7fd02ed45000-7fd02ed46000 r--p 00025000 08:01 916557                     /lib/x86_64-linux-gnu/ld-2.23.so
7fd02ed46000-7fd02ed47000 rw-p 00026000 08:01 916557                     /lib/x86_64-linux-gnu/ld-2.23.so
7fd02ed47000-7fd02ed48000 rw-p 00000000 00:00 0 
7ffc4d92f000-7ffc4d950000 rw-p 00000000 00:00 0                          [stack]
7ffc4d9a2000-7ffc4d9a5000 r--p 00000000 00:00 0                          [vvar]
7ffc4d9a5000-7ffc4d9a7000 r-xp 00000000 00:00 0                          [vdso]
ffffffffff600000-ffffffffff601000 r-xp 00000000 00:00 0                  [vsyscall]


VM Arguments:
jvm_args: -agentlib:jdwp=transport=dt_socket,suspend=y,address=localhost:33875 -javaagent:/home/server/.eclipse/360744286_linux_gtk_x86_64/configuration/org.eclipse.osgi/222/0/.cp/lib/javaagent-shaded.jar -Dfile.encoding=UTF-8 
java_command: MoveItemApp /home/main/drive/target /home/main/drive/wer
java_class_path (initial): /home/server/eclipse-workspace/MoveItem/bin:/home/server/eclipse-workspace/scripts/java-json.jar
Launcher Type: SUN_STANDARD

[Global flags]
     intx CICompilerCount                          = 2                                         {product} {ergonomic}
     uint ConcGCThreads                            = 1                                         {product} {ergonomic}
     uint G1ConcRefinementThreads                  = 2                                         {product} {ergonomic}
   size_t G1HeapRegionSize                         = 1048576                                   {product} {ergonomic}
    uintx GCDrainStackTargetSize                   = 64                                        {product} {ergonomic}
   size_t InitialHeapSize                          = 65011712                                  {product} {ergonomic}
   size_t MarkStackSize                            = 4194304                                   {product} {ergonomic}
   size_t MaxHeapSize                              = 1029701632                                {product} {ergonomic}
   size_t MaxNewSize                               = 617611264                                 {product} {ergonomic}
   size_t MinHeapDeltaBytes                        = 1048576                                   {product} {ergonomic}
    uintx NonNMethodCodeHeapSize                   = 5825164                                {pd product} {ergonomic}
    uintx NonProfiledCodeHeapSize                  = 122916538                              {pd product} {ergonomic}
    uintx ProfiledCodeHeapSize                     = 122916538                              {pd product} {ergonomic}
    uintx ReservedCodeCacheSize                    = 251658240                              {pd product} {ergonomic}
     bool SegmentedCodeCache                       = true                                      {product} {ergonomic}
     bool UseCompressedClassPointers               = true                                 {lp64_product} {ergonomic}
     bool UseCompressedOops                        = true                                 {lp64_product} {ergonomic}
     bool UseG1GC                                  = true                                      {product} {ergonomic}

Logging:
Log output configuration:
 #0: stdout all=warning uptime,level,tags
 #1: stderr all=off uptime,level,tags

Environment Variables:
JAVA_HOME=/usr/lib/jvm/jdk-11.0.9.1+1
PATH=/home/server/bin:/home/server/.local/bin:/opt/GitHub Desktop:/usr/local/sbin:/usr/local/bin:/usr/sbin:/usr/bin:/sbin:/bin:/usr/games:/usr/local/games:/snap/bin
SHELL=/bin/bash
DISPLAY=:0
LANG=en_AU.UTF-8

Signal Handlers:
SIGSEGV: [libjvm.so+0xf2b310], sa_mask[0]=11111111011111111101111111111110, sa_flags=SA_RESTART|SA_SIGINFO
SIGBUS: [libjvm.so+0xf2b310], sa_mask[0]=11111111011111111101111111111110, sa_flags=SA_RESTART|SA_SIGINFO
SIGFPE: [libjvm.so+0xf2b310], sa_mask[0]=11111111011111111101111111111110, sa_flags=SA_RESTART|SA_SIGINFO
SIGPIPE: [libjvm.so+0xc4e5c0], sa_mask[0]=11111111011111111101111111111110, sa_flags=SA_RESTART|SA_SIGINFO
SIGXFSZ: [libjvm.so+0xc4e5c0], sa_mask[0]=11111111011111111101111111111110, sa_flags=SA_RESTART|SA_SIGINFO
SIGILL: [libjvm.so+0xf2b310], sa_mask[0]=11111111011111111101111111111110, sa_flags=SA_RESTART|SA_SIGINFO
SIGUSR2: [libjvm.so+0xc4e460], sa_mask[0]=00100000000000000000000000000000, sa_flags=SA_RESTART|SA_SIGINFO
SIGHUP: [libjvm.so+0xc4e7c0], sa_mask[0]=11111111011111111101111111111110, sa_flags=SA_RESTART|SA_SIGINFO
SIGINT: [libjvm.so+0xc4e7c0], sa_mask[0]=11111111011111111101111111111110, sa_flags=SA_RESTART|SA_SIGINFO
SIGTERM: [libjvm.so+0xc4e7c0], sa_mask[0]=11111111011111111101111111111110, sa_flags=SA_RESTART|SA_SIGINFO
SIGQUIT: [libjvm.so+0xc4e7c0], sa_mask[0]=11111111011111111101111111111110, sa_flags=SA_RESTART|SA_SIGINFO


---------------  S Y S T E M  ---------------

OS:DISTRIB_ID=Ubuntu
DISTRIB_RELEASE=16.04
DISTRIB_CODENAME=xenial
DISTRIB_DESCRIPTION="Ubuntu 16.04.7 LTS"
uname:Linux 4.15.0-142-generic #146~16.04.1-Ubuntu SMP Tue Apr 13 09:27:15 UTC 2021 x86_64
OS uptime: 0 days 14:28 hours
libc:glibc 2.23 NPTL 2.23 
rlimit (soft/hard): STACK 8192k/infinity , CORE 0k/infinity , NPROC 15446/15446 , NOFILE 1048576/1048576 , AS infinity/infinity , CPU infinity/infinity , DATA infinity/infinity , FSIZE infinity/infinity , MEMLOCK 64k/64k
load average:0.57 0.20 0.12

/proc/meminfo:
MemTotal:        4015896 kB
MemFree:          104884 kB
MemAvailable:     291488 kB
Buffers:           48072 kB
Cached:           371560 kB
SwapCached:         9828 kB
Active:          2347848 kB
Inactive:         691572 kB
Active(anon):    2143136 kB
Inactive(anon):   532824 kB
Active(file):     204712 kB
Inactive(file):   158748 kB
Unevictable:         144 kB
Mlocked:             144 kB
SwapTotal:        998396 kB
SwapFree:         432380 kB
Dirty:               200 kB
Writeback:             0 kB
AnonPages:       2611844 kB
Mapped:           281816 kB
Shmem:             56184 kB
Slab:             145128 kB
SReclaimable:      56044 kB
SUnreclaim:        89084 kB
KernelStack:       20368 kB
PageTables:        91164 kB
NFS_Unstable:          0 kB
Bounce:                0 kB
WritebackTmp:          0 kB
CommitLimit:     3006344 kB
Committed_AS:   12464548 kB
VmallocTotal:   34359738367 kB
VmallocUsed:           0 kB
VmallocChunk:          0 kB
HardwareCorrupted:     0 kB
AnonHugePages:     20480 kB
ShmemHugePages:        0 kB
ShmemPmdMapped:        0 kB
CmaTotal:              0 kB
CmaFree:               0 kB
HugePages_Total:       0
HugePages_Free:        0
HugePages_Rsvd:        0
HugePages_Surp:        0
Hugepagesize:       2048 kB
DirectMap4k:      241472 kB
DirectMap2M:     3952640 kB
DirectMap1G:     2097152 kB

/sys/kernel/mm/transparent_hugepage/enabled:
always [madvise] never
/sys/kernel/mm/transparent_hugepage/defrag (defrag/compaction efforts parameter):
always defer defer+madvise [madvise] never

/proc/sys/kernel/threads-max (system-wide limit on the number of threads):
30893
/proc/sys/vm/max_map_count (maximum number of memory map areas a process may have):
65530
/proc/sys/kernel/pid_max (system-wide limit on number of process identifiers):
131072

container (cgroup) information:
container_type: cgroupv1
cpu_cpuset_cpus: 0-1
cpu_memory_nodes: 0
active_processor_count: 2
cpu_quota: -1
cpu_period: 100000
cpu_shares: -1
memory_limit_in_bytes: -1
memory_and_swap_limit_in_bytes: -2
memory_soft_limit_in_bytes: -1
memory_usage_in_bytes: 3108753408
memory_max_usage_in_bytes: 611770368

VMWare virtualization detected
Steal ticks since vm start: 0
Steal ticks percentage since vm start:  0.000

CPU:total 2 (initial active 2) (1 cores per cpu, 1 threads per core) family 6 model 158 stepping 9, cmov, cx8, fxsr, mmx, sse, sse2, sse3, ssse3, sse4.1, sse4.2, popcnt, avx, avx2, aes, clmul, erms, 3dnowpref, lzcnt, tsc, tscinvbit, bmi1, bmi2, adx, fma
CPU Model and flags from /proc/cpuinfo:
model name	: Intel(R) Core(TM) i7-7700HQ CPU @ 2.80GHz
flags		: fpu vme de pse tsc msr pae mce cx8 apic sep mtrr pge mca cmov pat pse36 clflush mmx fxsr sse sse2 ss syscall nx pdpe1gb rdtscp lm constant_tsc arch_perfmon nopl xtopology tsc_reliable nonstop_tsc cpuid pni pclmulqdq ssse3 fma cx16 pcid sse4_1 sse4_2 x2apic movbe popcnt tsc_deadline_timer aes xsave avx f16c rdrand hypervisor lahf_lm abm 3dnowprefetch invpcid_single pti ssbd ibrs ibpb stibp fsgsbase tsc_adjust bmi1 avx2 smep bmi2 invpcid rdseed adx smap clflushopt xsaveopt xsavec xgetbv1 xsaves arat flush_l1d arch_capabilities
Online cpus:
0-1
Offline cpus:
2-127
BIOS frequency limitation:
<Not Available>
Frequency switch latency (ns):
<Not Available>
Available cpu frequencies:
<Not Available>
Current governor:
<Not Available>
Core performance/turbo boost:
<Not Available>

Memory: 4k page, physical 4015896k(104884k free), swap 998396k(432380k free)

vm_info: OpenJDK 64-Bit Server VM (11.0.9.1+1) for linux-amd64 JRE (11.0.9.1+1), built on Nov 10 2020 15:30:20 by "" with gcc 7.5.0

END.
